#
# A fatal error has been detected by the Java Runtime Environment:
#
#  Internal Error (javaCalls.cpp:51), pid=5185, tid=0x0000000000004d03
#  guarantee(thread->is_Java_thread()) failed: crucial check - the VM thread cannot and must not escape to Java code
#
# JRE version: Java(TM) SE Runtime Environment (8.0_221-b11) (build 1.8.0_221-b11)
# Java VM: Java HotSpot(TM) 64-Bit Server VM (25.221-b11 mixed mode bsd-amd64 compressed oops)
# Failed to write core dump. Core dumps have been disabled. To enable core dumping, try "ulimit -c unlimited" before starting Java again
#
# If you would like to submit a bug report, please visit:
#   http://bugreport.java.com/bugreport/crash.jsp
#

---------------  T H R E A D  ---------------

Current thread (0x00007fc62b821800):  VMThread [stack: 0x0000700006dff000,0x0000700006eff000] [id=19715]

Stack: [0x0000700006dff000,0x0000700006eff000],  sp=0x0000700006efdad0,  free space=1018k
Native frames: (J=compiled Java code, j=interpreted, Vv=VM code, C=native code)
V  [libjvm.dylib+0x5b6994]
V  [libjvm.dylib+0x1e9bdd]
V  [libjvm.dylib+0x2f03c0]
V  [libjvm.dylib+0x2f0c78]
V  [libjvm.dylib+0x2f11ab]
V  [libjvm.dylib+0x24478f]
V  [libjvm.dylib+0x24488a]
V  [libjvm.dylib+0x244ae9]
V  [libjvm.dylib+0x244b04]
V  [libjvm.dylib+0x2889a3]
V  [libjvm.dylib+0x288a57]
V  [libjvm.dylib+0x28b608]
V  [libjvm.dylib+0x28b857]
V  [libjvm.dylib+0x28bdee]
V  [libjvm.dylib+0x28c207]
V  [libjvm.dylib+0x4861f5]
V  [libjvm.dylib+0x4863fe]
V  [libjvm.dylib+0x4865df]
V  [libjvm.dylib+0x486896]
V  [libjvm.dylib+0x2c3b34]
V  [libjvm.dylib+0x453f21]
V  [libjvm.dylib+0x39c033]
V  [libjvm.dylib+0x5be615]
V  [libjvm.dylib+0x5bcbad]
V  [libjvm.dylib+0x5bcffa]
V  [libjvm.dylib+0x5bc919]
V  [libjvm.dylib+0x48f30a]
C  [libsystem_pthread.dylib+0x32eb]  _pthread_body+0x7e
C  [libsystem_pthread.dylib+0x6249]  _pthread_start+0x42
C  [libsystem_pthread.dylib+0x240d]  thread_start+0xd

VM_Operation (0x000070000730a978): GetOrSetLocal, mode: safepoint, requested by thread 0x00007fc62c017800


---------------  P R O C E S S  ---------------

Java Threads: ( => current thread )
  0x00007fc6308b2800 JavaThread "AWT-EventQueue-0" [_thread_blocked, id=74027, stack(0x000070000834a000,0x000070000844a000)]
  0x00007fc62eea2800 JavaThread "Java2D Disposer" daemon [_thread_blocked, id=80659, stack(0x00007000081c4000,0x00007000082c4000)]
  0x00007fc630047000 JavaThread "Java2D Queue Flusher" daemon [_thread_blocked, id=52495, stack(0x00007000080c1000,0x00007000081c1000)]
  0x00007fc630826000 JavaThread "AWT-Shutdown" [_thread_blocked, id=36139, stack(0x0000700007c29000,0x0000700007d29000)]
  0x00007fc62b872800 JavaThread "AppKit Thread" daemon [_thread_in_native, id=775, stack(0x00007ffee4dcf000,0x00007ffee55cf000)]
  0x00007fc62c093000 JavaThread "ReaderThread" [_thread_in_native, id=22275, stack(0x0000700007b26000,0x0000700007c26000)]
  0x00007fc62f086800 JavaThread "Service Thread" daemon [_thread_blocked, id=43011, stack(0x0000700007920000,0x0000700007a20000)]
  0x00007fc62b8df800 JavaThread "C1 CompilerThread3" daemon [_thread_blocked, id=21763, stack(0x000070000781d000,0x000070000791d000)]
  0x00007fc62f063000 JavaThread "C2 CompilerThread2" daemon [_thread_blocked, id=15363, stack(0x000070000771a000,0x000070000781a000)]
  0x00007fc62f036000 JavaThread "C2 CompilerThread1" daemon [_thread_blocked, id=14851, stack(0x0000700007617000,0x0000700007717000)]
  0x00007fc62c027800 JavaThread "C2 CompilerThread0" daemon [_thread_blocked, id=15875, stack(0x0000700007514000,0x0000700007614000)]
  0x00007fc62e001800 JavaThread "JDWP Command Reader" daemon [_thread_in_native, id=16387, stack(0x0000700007411000,0x0000700007511000)]
  0x00007fc62c018000 JavaThread "JDWP Event Helper Thread" daemon [_thread_blocked, id=16899, stack(0x000070000730e000,0x000070000740e000)]
  0x00007fc62c017800 JavaThread "JDWP Transport Listener: dt_socket" daemon [_thread_blocked, id=17159, stack(0x000070000720b000,0x000070000730b000)]
  0x00007fc62b822000 JavaThread "Signal Dispatcher" daemon [_thread_blocked, id=17411, stack(0x0000700007108000,0x0000700007208000)]
  0x00007fc62f00a800 JavaThread "Finalizer" daemon [_thread_blocked, id=12547, stack(0x0000700007005000,0x0000700007105000)]
  0x00007fc62d005800 JavaThread "Reference Handler" daemon [_thread_blocked, id=19203, stack(0x0000700006f02000,0x0000700007002000)]
  0x00007fc62e802800 JavaThread "main" [_thread_blocked, id=9987, stack(0x00007000064e4000,0x00007000065e4000)]

Other Threads:
=>0x00007fc62b821800 VMThread [stack: 0x0000700006dff000,0x0000700006eff000] [id=19715]
  0x00007fc62f064000 WatcherThread [stack: 0x0000700007a23000,0x0000700007b23000] [id=42499]

VM state:at safepoint (normal execution)

VM Mutex/Monitor currently owned by a thread:  ([mutex/lock_event])
[0x00007fc62da019f0] Threads_lock - owner thread: 0x00007fc62b821800

heap address: 0x0000000740000000, size: 2048 MB, Compressed Oops mode: Zero based, Oop shift amount: 3
Narrow klass base: 0x0000000000000000, Narrow klass shift: 3
Compressed class space size: 1073741824 Address: 0x00000007c0000000

Heap:
 PSYoungGen      total 38400K, used 22098K [0x0000000795580000, 0x000000079a080000, 0x00000007c0000000)
  eden space 33280K, 51% used [0x0000000795580000,0x0000000796628ea0,0x0000000797600000)
  from space 5120K, 98% used [0x0000000797b00000,0x0000000797feb9a8,0x0000000798000000)
  to   space 5120K, 0% used [0x0000000797600000,0x0000000797600000,0x0000000797b00000)
 ParOldGen       total 87552K, used 184K [0x0000000740000000, 0x0000000745580000, 0x0000000795580000)
  object space 87552K, 0% used [0x0000000740000000,0x000000074002e0e0,0x0000000745580000)
 Metaspace       used 18874K, capacity 19248K, committed 19456K, reserved 1067008K
  class space    used 2360K, capacity 2455K, committed 2560K, reserved 1048576K

Card table byte_map: [0x000000010cb79000,0x000000010cf7a000] byte_map_base: 0x0000000109179000

Marking Bits: (ParMarkBitMap*) 0x000000010c0fbe40
 Begin Bits: [0x000000010d225000, 0x000000010f225000)
 End Bits:   [0x000000010f225000, 0x0000000111225000)

Polling page: 0x000000010a6b0000

CodeCache: size=245760Kb used=7572Kb max_used=7583Kb free=238187Kb
 bounds [0x0000000118e74000, 0x00000001195f4000, 0x0000000127e74000]
 total_blobs=2489 nmethods=1987 adapters=423
 compilation: enabled

Compilation events (10 events):
Event: 448.051 Thread 0x00007fc62b8df800 1985       3       sun.awt.AWTAutoShutdown::notifyToolkitThreadFree (8 bytes)
Event: 448.051 Thread 0x00007fc62b8df800 nmethod 1985 0x00000001195b8850 code [0x00000001195b89c0, 0x00000001195b8b88]
Event: 518.479 Thread 0x00007fc62c027800 1986       4       java.util.concurrent.locks.AbstractQueuedSynchronizer::release (33 bytes)
Event: 518.483 Thread 0x00007fc62c027800 nmethod 1986 0x00000001195b8450 code [0x00000001195b85a0, 0x00000001195b86e8]
Event: 527.123 Thread 0x00007fc62f036000 1987       4       java.util.concurrent.locks.ReentrantLock$Sync::nonfairTryAcquire (67 bytes)
Event: 527.125 Thread 0x00007fc62f036000 nmethod 1987 0x00000001195b8150 code [0x00000001195b82a0, 0x00000001195b8378]
Event: 530.195 Thread 0x00007fc62f063000 1988       4       sun.java2d.pipe.RenderQueue::unlock (4 bytes)
Event: 530.199 Thread 0x00007fc62f063000 nmethod 1988 0x00000001195b0c90 code [0x00000001195b0e00, 0x00000001195b0f68]
Event: 553.572 Thread 0x00007fc62c027800 1989       4       sun.java2d.pipe.RenderQueue::tryLock (4 bytes)
Event: 553.575 Thread 0x00007fc62c027800 nmethod 1989 0x00000001195b2290 code [0x00000001195b23e0, 0x00000001195b2518]

GC Heap History (8 events):
Event: 0.646 GC heap before
{Heap before GC invocations=1 (full 0):
 PSYoungGen      total 38400K, used 33280K [0x0000000795580000, 0x0000000798000000, 0x00000007c0000000)
  eden space 33280K, 100% used [0x0000000795580000,0x0000000797600000,0x0000000797600000)
  from space 5120K, 0% used [0x0000000797b00000,0x0000000797b00000,0x0000000798000000)
  to   space 5120K, 0% used [0x0000000797600000,0x0000000797600000,0x0000000797b00000)
 ParOldGen       total 87552K, used 0K [0x0000000740000000, 0x0000000745580000, 0x0000000795580000)
  object space 87552K, 0% used [0x0000000740000000,0x0000000740000000,0x0000000745580000)
 Metaspace       used 7323K, capacity 7378K, committed 7680K, reserved 1056768K
  class space    used 902K, capacity 945K, committed 1024K, reserved 1048576K
Event: 0.651 GC heap after
Heap after GC invocations=1 (full 0):
 PSYoungGen      total 38400K, used 2928K [0x0000000795580000, 0x0000000798000000, 0x00000007c0000000)
  eden space 33280K, 0% used [0x0000000795580000,0x0000000795580000,0x0000000797600000)
  from space 5120K, 57% used [0x0000000797600000,0x00000007978dc138,0x0000000797b00000)
  to   space 5120K, 0% used [0x0000000797b00000,0x0000000797b00000,0x0000000798000000)
 ParOldGen       total 87552K, used 8K [0x0000000740000000, 0x0000000745580000, 0x0000000795580000)
  object space 87552K, 0% used [0x0000000740000000,0x0000000740002000,0x0000000745580000)
 Metaspace       used 7323K, capacity 7378K, committed 7680K, reserved 1056768K
  class space    used 902K, capacity 945K, committed 1024K, reserved 1048576K
}
Event: 1.074 GC heap before
{Heap before GC invocations=2 (full 0):
 PSYoungGen      total 38400K, used 36208K [0x0000000795580000, 0x0000000798000000, 0x00000007c0000000)
  eden space 33280K, 100% used [0x0000000795580000,0x0000000797600000,0x0000000797600000)
  from space 5120K, 57% used [0x0000000797600000,0x00000007978dc138,0x0000000797b00000)
  to   space 5120K, 0% used [0x0000000797b00000,0x0000000797b00000,0x0000000798000000)
 ParOldGen       total 87552K, used 8K [0x0000000740000000, 0x0000000745580000, 0x0000000795580000)
  object space 87552K, 0% used [0x0000000740000000,0x0000000740002000,0x0000000745580000)
 Metaspace       used 9895K, capacity 10044K, committed 10368K, reserved 1058816K
  class space    used 1290K, capacity 1336K, committed 1408K, reserved 1048576K
Event: 1.078 GC heap after
Heap after GC invocations=2 (full 0):
 PSYoungGen      total 38400K, used 3334K [0x0000000795580000, 0x0000000798000000, 0x00000007c0000000)
  eden space 33280K, 0% used [0x0000000795580000,0x0000000795580000,0x0000000797600000)
  from space 5120K, 65% used [0x0000000797b00000,0x0000000797e41b88,0x0000000798000000)
  to   space 5120K, 0% used [0x0000000797600000,0x0000000797600000,0x0000000797b00000)
 ParOldGen       total 87552K, used 16K [0x0000000740000000, 0x0000000745580000, 0x0000000795580000)
  object space 87552K, 0% used [0x0000000740000000,0x0000000740004000,0x0000000745580000)
 Metaspace       used 9895K, capacity 10044K, committed 10368K, reserved 1058816K
  class space    used 1290K, capacity 1336K, committed 1408K, reserved 1048576K
}
Event: 1.851 GC heap before
{Heap before GC invocations=3 (full 0):
 PSYoungGen      total 38400K, used 36614K [0x0000000795580000, 0x0000000798000000, 0x00000007c0000000)
  eden space 33280K, 100% used [0x0000000795580000,0x0000000797600000,0x0000000797600000)
  from space 5120K, 65% used [0x0000000797b00000,0x0000000797e41b88,0x0000000798000000)
  to   space 5120K, 0% used [0x0000000797600000,0x0000000797600000,0x0000000797b00000)
 ParOldGen       total 87552K, used 16K [0x0000000740000000, 0x0000000745580000, 0x0000000795580000)
  object space 87552K, 0% used [0x0000000740000000,0x0000000740004000,0x0000000745580000)
 Metaspace       used 16754K, capacity 17080K, committed 17280K, reserved 1064960K
  class space    used 2203K, capacity 2307K, committed 2432K, reserved 1048576K
Event: 1.856 GC heap after
Heap after GC invocations=3 (full 0):
 PSYoungGen      total 38400K, used 5100K [0x0000000795580000, 0x0000000798000000, 0x00000007c0000000)
  eden space 33280K, 0% used [0x0000000795580000,0x0000000795580000,0x0000000797600000)
  from space 5120K, 99% used [0x0000000797600000,0x0000000797afb228,0x0000000797b00000)
  to   space 5120K, 0% used [0x0000000797b00000,0x0000000797b00000,0x0000000798000000)
 ParOldGen       total 87552K, used 176K [0x0000000740000000, 0x0000000745580000, 0x0000000795580000)
  object space 87552K, 0% used [0x0000000740000000,0x000000074002c0e0,0x0000000745580000)
 Metaspace       used 16754K, capacity 17080K, committed 17280K, reserved 1064960K
  class space    used 2203K, capacity 2307K, committed 2432K, reserved 1048576K
}
Event: 2.090 GC heap before
{Heap before GC invocations=4 (full 0):
 PSYoungGen      total 38400K, used 38380K [0x0000000795580000, 0x0000000798000000, 0x00000007c0000000)
  eden space 33280K, 100% used [0x0000000795580000,0x0000000797600000,0x0000000797600000)
  from space 5120K, 99% used [0x0000000797600000,0x0000000797afb228,0x0000000797b00000)
  to   space 5120K, 0% used [0x0000000797b00000,0x0000000797b00000,0x0000000798000000)
 ParOldGen       total 87552K, used 176K [0x0000000740000000, 0x0000000745580000, 0x0000000795580000)
  object space 87552K, 0% used [0x0000000740000000,0x000000074002c0e0,0x0000000745580000)
 Metaspace       used 18294K, capacity 18674K, committed 18816K, reserved 1064960K
  class space    used 2317K, capacity 2418K, committed 2432K, reserved 1048576K
Event: 2.095 GC heap after
Heap after GC invocations=4 (full 0):
 PSYoungGen      total 38400K, used 5038K [0x0000000795580000, 0x000000079a080000, 0x00000007c0000000)
  eden space 33280K, 0% used [0x0000000795580000,0x0000000795580000,0x0000000797600000)
  from space 5120K, 98% used [0x0000000797b00000,0x0000000797feb9a8,0x0000000798000000)
  to   space 5120K, 0% used [0x0000000797600000,0x0000000797600000,0x0000000797b00000)
 ParOldGen       total 87552K, used 184K [0x0000000740000000, 0x0000000745580000, 0x0000000795580000)
  object space 87552K, 0% used [0x0000000740000000,0x000000074002e0e0,0x0000000745580000)
 Metaspace       used 18294K, capacity 18674K, committed 18816K, reserved 1064960K
  class space    used 2317K, capacity 2418K, committed 2432K, reserved 1048576K
}

Deoptimization events (10 events):
Event: 1.887 Thread 0x00007fc62e802800 Uncommon trap: reason=class_check action=maybe_recompile pc=0x000000011928ae0c method=java.util.HashMap.putVal(ILjava/lang/Object;Ljava/lang/Object;ZZ)Ljava/lang/Object; @ 203
Event: 1.887 Thread 0x00007fc62e802800 Uncommon trap: reason=class_check action=maybe_recompile pc=0x000000011928ae0c method=java.util.HashMap.putVal(ILjava/lang/Object;Ljava/lang/Object;ZZ)Ljava/lang/Object; @ 203
Event: 1.948 Thread 0x00007fc62e802800 Uncommon trap: reason=unstable_if action=reinterpret pc=0x00000001194c62f4 method=org.eclipse.jdt.launching.internal.org.objectweb.asm.MethodWriter.putMethodInfo(Lorg/eclipse/jdt/launching/internal/org/objectweb/asm/ByteVector;)V @ 324
Event: 1.977 Thread 0x00007fc62e802800 Uncommon trap: reason=unstable_if action=reinterpret pc=0x00000001194b20a0 method=org.mockito.asm.Item.isEqualTo(Lorg/mockito/asm/Item;)Z @ 239
Event: 1.979 Thread 0x00007fc62e802800 Uncommon trap: reason=unstable_if action=reinterpret pc=0x00000001194b0eec method=org.mockito.asm.Item.isEqualTo(Lorg/mockito/asm/Item;)Z @ 239
Event: 2.035 Thread 0x00007fc62e802800 Uncommon trap: reason=unstable_if action=reinterpret pc=0x0000000119507a14 method=org.mockito.asm.Type.getType([CI)Lorg/mockito/asm/Type; @ 181
Event: 2.035 Thread 0x00007fc62e802800 Uncommon trap: reason=unstable_if action=reinterpret pc=0x00000001194a6f74 method=org.mockito.asm.Type.getType([CI)Lorg/mockito/asm/Type; @ 181
Event: 2.042 Thread 0x00007fc62e802800 Uncommon trap: reason=unstable_if action=reinterpret pc=0x00000001194fa99c method=java.util.HashMap.putVal(ILjava/lang/Object;Ljava/lang/Object;ZZ)Ljava/lang/Object; @ 162
Event: 2.080 Thread 0x00007fc62e802800 Uncommon trap: reason=unstable_if action=reinterpret pc=0x000000011949e4e8 method=java.util.HashMap.putVal(ILjava/lang/Object;Ljava/lang/Object;ZZ)Ljava/lang/Object; @ 162
Event: 2.126 Thread 0x00007fc62e802800 Uncommon trap: reason=unstable_if action=reinterpret pc=0x0000000119538010 method=org.mockito.asm.MethodWriter.getArgumentsAndReturnSizes(Ljava/lang/String;)I @ 41

Classes redefined (10 events):
Event: 411.107 Thread 0x00007fc62b821800 redefined class name=parser.LevelUpStepDefs, count=8
Event: 451.256 Thread 0x00007fc62b821800 redefined class name=parser.LevelUpStepDefs, count=9
Event: 476.791 Thread 0x00007fc62b821800 redefined class name=parser.LevelUpStepDefs, count=10
Event: 512.692 Thread 0x00007fc62b821800 redefined class name=parser.LevelUpStepDefs, count=11
Event: 620.682 Thread 0x00007fc62b821800 redefined class name=parser.LevelUpStepDefs, count=12
Event: 651.571 Thread 0x00007fc62b821800 redefined class name=parser.LevelUpStepDefs, count=13
Event: 688.162 Thread 0x00007fc62b821800 redefined class name=parser.LevelUpStepDefs, count=14
Event: 705.212 Thread 0x00007fc62b821800 redefined class name=parser.LevelUpStepDefs, count=15
Event: 760.269 Thread 0x00007fc62b821800 redefined class name=parser.LevelUpStepDefs, count=16
Event: 772.383 Thread 0x00007fc62b821800 redefined class name=parser.LevelUpStepDefs, count=17

Internal exceptions (10 events):
Event: 1.246 Thread 0x00007fc62e802800 Exception <a 'java/lang/NoSuchFieldError': method resolution failed> (0x000000079657b980) thrown at [/Users/java_re/workspace/8-2-build-macosx-x86_64/jdk8u221/13320/hotspot/src/share/vm/prims/methodHandles.cpp, line 1167]
Event: 1.449 Thread 0x00007fc62e802800 Exception <a 'java/io/FileNotFoundException'> (0x0000000796616648) thrown at [/Users/java_re/workspace/8-2-build-macosx-x86_64/jdk8u221/13320/hotspot/src/share/vm/prims/jni.cpp, line 710]
Event: 1.449 Thread 0x00007fc62e802800 Exception <a 'java/io/FileNotFoundException'> (0x00000007966173f0) thrown at [/Users/java_re/workspace/8-2-build-macosx-x86_64/jdk8u221/13320/hotspot/src/share/vm/prims/jni.cpp, line 710]
Event: 1.857 Thread 0x00007fc62f00a800 Exception <a 'java/lang/NullPointerException'> (0x000000079561fad0) thrown at [/Users/java_re/workspace/8-2-build-macosx-x86_64/jdk8u221/13320/hotspot/src/share/vm/interpreter/linkResolver.cpp, line 1185]
Event: 1.948 Thread 0x00007fc62e802800 Implicit null exception at 0x00000001194c01ca to 0x00000001194c62c1
Event: 2.045 Thread 0x00007fc62e802800 Exception <a 'java/lang/reflect/InvocationTargetException'> (0x0000000796da8aa0) thrown at [/Users/java_re/workspace/8-2-build-macosx-x86_64/jdk8u221/13320/hotspot/src/share/vm/runtime/reflection.cpp, line 1092]
Event: 2.047 Thread 0x00007fc62e802800 Exception <a 'java/lang/reflect/InvocationTargetException'> (0x0000000796dd3288) thrown at [/Users/java_re/workspace/8-2-build-macosx-x86_64/jdk8u221/13320/hotspot/src/share/vm/runtime/reflection.cpp, line 1092]
Event: 2.078 Thread 0x00007fc62e802800 Exception <a 'java/lang/reflect/InvocationTargetException'> (0x0000000797411050) thrown at [/Users/java_re/workspace/8-2-build-macosx-x86_64/jdk8u221/13320/hotspot/src/share/vm/runtime/reflection.cpp, line 1092]
Event: 2.078 Thread 0x00007fc62e802800 Exception <a 'java/lang/reflect/InvocationTargetException'> (0x000000079741fcf0) thrown at [/Users/java_re/workspace/8-2-build-macosx-x86_64/jdk8u221/13320/hotspot/src/share/vm/runtime/reflection.cpp, line 1092]
Event: 2.099 Thread 0x00007fc62f00a800 Exception <a 'java/lang/NullPointerException'> (0x0000000795632bd0) thrown at [/Users/java_re/workspace/8-2-build-macosx-x86_64/jdk8u221/13320/hotspot/src/share/vm/interpreter/linkResolver.cpp, line 1185]

Events (10 events):
Event: 772.390 Executing VM operation: ChangeBreakpoints done
Event: 772.669 Executing VM operation: GetOwnedMonitorInfo
Event: 772.669 Executing VM operation: GetOwnedMonitorInfo done
Event: 772.669 Executing VM operation: GetCurrentContendedMonitor
Event: 772.669 Executing VM operation: GetCurrentContendedMonitor done
Event: 840.585 Executing VM operation: GetOwnedMonitorInfo
Event: 840.585 Executing VM operation: GetOwnedMonitorInfo done
Event: 840.585 Executing VM operation: GetCurrentContendedMonitor
Event: 840.585 Executing VM operation: GetCurrentContendedMonitor done
Event: 840.587 Executing VM operation: GetOrSetLocal


Dynamic libraries:
0x00007fff4aaba000 	/System/Library/Frameworks/Cocoa.framework/Versions/A/Cocoa
0x00007fff5685f000 	/System/Library/Frameworks/Security.framework/Versions/A/Security
0x00007fff4974d000 	/System/Library/Frameworks/ApplicationServices.framework/Versions/A/ApplicationServices
0x00007fff7694d000 	/usr/lib/libz.1.dylib
0x00007fff742a7000 	/usr/lib/libSystem.B.dylib
0x00007fff75ade000 	/usr/lib/libobjc.A.dylib
0x00007fff4b32f000 	/System/Library/Frameworks/CoreFoundation.framework/Versions/A/CoreFoundation
0x00007fff4d5b2000 	/System/Library/Frameworks/Foundation.framework/Versions/C/Foundation
0x00007fff48946000 	/System/Library/Frameworks/AppKit.framework/Versions/C/AppKit
0x00007fff4aeb8000 	/System/Library/Frameworks/CoreData.framework/Versions/A/CoreData
0x00007fff6dd6d000 	/System/Library/PrivateFrameworks/RemoteViewServices.framework/Versions/A/RemoteViewServices
0x00007fff71fe4000 	/System/Library/PrivateFrameworks/UIFoundation.framework/Versions/A/UIFoundation
0x00007fff736c8000 	/System/Library/PrivateFrameworks/XCTTargetBootstrap.framework/Versions/A/XCTTargetBootstrap
0x00007fff4b23e000 	/System/Library/Frameworks/CoreDisplay.framework/Versions/A/CoreDisplay
0x00007fff68aa7000 	/System/Library/PrivateFrameworks/IconServices.framework/Versions/A/IconServices
0x00007fff4fed3000 	/System/Library/Frameworks/Metal.framework/Versions/A/Metal
0x00007fff5ffea000 	/System/Library/PrivateFrameworks/DesktopServicesPriv.framework/Versions/A/DesktopServicesPriv
0x00007fff74e41000 	/usr/lib/libenergytrace.dylib
0x00007fff704cb000 	/System/Library/PrivateFrameworks/SkyLight.framework/Versions/A/SkyLight
0x00007fff4b776000 	/System/Library/Frameworks/CoreGraphics.framework/Versions/A/CoreGraphics
0x00007fff47712000 	/System/Library/Frameworks/Accelerate.framework/Versions/A/Accelerate
0x00007fff4dcfb000 	/System/Library/Frameworks/IOSurface.framework/Versions/A/IOSurface
0x00007fff5fe56000 	/System/Library/PrivateFrameworks/DFRFoundation.framework/Versions/A/DFRFoundation
0x00007fff49c30000 	/System/Library/Frameworks/AudioToolbox.framework/Versions/A/AudioToolbox
0x00007fff49ea9000 	/System/Library/Frameworks/AudioUnit.framework/Versions/A/AudioUnit
0x00007fff5feeb000 	/System/Library/PrivateFrameworks/DataDetectorsCore.framework/Versions/A/DataDetectorsCore
0x00007fff4a5bd000 	/System/Library/Frameworks/Carbon.framework/Versions/A/Frameworks/HIToolbox.framework/Versions/A/HIToolbox
0x00007fff74f9a000 	/usr/lib/libicucore.A.dylib
0x00007fff55dd2000 	/System/Library/Frameworks/QuartzCore.framework/Versions/A/QuartzCore
0x00007fff4a992000 	/System/Library/Frameworks/Carbon.framework/Versions/A/Frameworks/SpeechRecognition.framework/Versions/A/SpeechRecognition
0x00007fff743fb000 	/usr/lib/libauto.dylib
0x00007fff76841000 	/usr/lib/libxml2.2.dylib
0x00007fff5fa31000 	/System/Library/PrivateFrameworks/CoreUI.framework/Versions/A/CoreUI
0x00007fff4ada3000 	/System/Library/Frameworks/CoreAudio.framework/Versions/A/CoreAudio
0x00007fff4d3e7000 	/System/Library/Frameworks/DiskArbitration.framework/Versions/A/DiskArbitration
0x00007fff75248000 	/usr/lib/liblangid.dylib
0x00007fff69eb2000 	/System/Library/PrivateFrameworks/MultitouchSupport.framework/Versions/A/MultitouchSupport
0x00007fff4dc6a000 	/System/Library/Frameworks/IOKit.framework/Versions/A/IOKit
0x00007fff73e67000 	/usr/lib/libDiagnosticMessagesClient.dylib
0x00007fff4c585000 	/System/Library/Frameworks/CoreServices.framework/Versions/A/CoreServices
0x00007fff6bb6c000 	/System/Library/PrivateFrameworks/PerformanceAnalysis.framework/Versions/A/PerformanceAnalysis
0x00007fff54fc0000 	/System/Library/Frameworks/OpenGL.framework/Versions/A/OpenGL
0x00007fff4aac8000 	/System/Library/Frameworks/ColorSync.framework/Versions/A/ColorSync
0x00007fff4be07000 	/System/Library/Frameworks/CoreImage.framework/Versions/A/CoreImage
0x00007fff4cf5d000 	/System/Library/Frameworks/CoreText.framework/Versions/A/CoreText
0x00007fff4dd5e000 	/System/Library/Frameworks/ImageIO.framework/Versions/A/ImageIO
0x00007fff5c083000 	/System/Library/PrivateFrameworks/Backup.framework/Versions/A/Backup
0x00007fff7434e000 	/usr/lib/libarchive.2.dylib
0x00007fff4a202000 	/System/Library/Frameworks/CFNetwork.framework/Versions/A/CFNetwork
0x00007fff56fbb000 	/System/Library/Frameworks/SystemConfiguration.framework/Versions/A/SystemConfiguration
0x00007fff73d98000 	/usr/lib/libCRFSuite.dylib
0x00007fff744ea000 	/usr/lib/libc++.1.dylib
0x00007fff7453e000 	/usr/lib/libc++abi.dylib
0x00007fff77143000 	/usr/lib/system/libcache.dylib
0x00007fff77148000 	/usr/lib/system/libcommonCrypto.dylib
0x00007fff77153000 	/usr/lib/system/libcompiler_rt.dylib
0x00007fff7715b000 	/usr/lib/system/libcopyfile.dylib
0x00007fff77165000 	/usr/lib/system/libcorecrypto.dylib
0x00007fff77270000 	/usr/lib/system/libdispatch.dylib
0x00007fff772aa000 	/usr/lib/system/libdyld.dylib
0x00007fff772d7000 	/usr/lib/system/libkeymgr.dylib
0x00007fff772e5000 	/usr/lib/system/liblaunch.dylib
0x00007fff772e6000 	/usr/lib/system/libmacho.dylib
0x00007fff772ec000 	/usr/lib/system/libquarantine.dylib
0x00007fff772ef000 	/usr/lib/system/libremovefile.dylib
0x00007fff772f1000 	/usr/lib/system/libsystem_asl.dylib
0x00007fff77309000 	/usr/lib/system/libsystem_blocks.dylib
0x00007fff7730a000 	/usr/lib/system/libsystem_c.dylib
0x00007fff77392000 	/usr/lib/system/libsystem_configuration.dylib
0x00007fff77396000 	/usr/lib/system/libsystem_coreservices.dylib
0x00007fff7739a000 	/usr/lib/system/libsystem_darwin.dylib
0x00007fff773a1000 	/usr/lib/system/libsystem_dnssd.dylib
0x00007fff773a8000 	/usr/lib/system/libsystem_info.dylib
0x00007fff7741d000 	/usr/lib/system/libsystem_m.dylib
0x00007fff77469000 	/usr/lib/system/libsystem_malloc.dylib
0x00007fff77494000 	/usr/lib/system/libsystem_networkextension.dylib
0x00007fff7749f000 	/usr/lib/system/libsystem_notify.dylib
0x00007fff774bc000 	/usr/lib/system/libsystem_sandbox.dylib
0x00007fff774c0000 	/usr/lib/system/libsystem_secinit.dylib
0x00007fff773f4000 	/usr/lib/system/libsystem_kernel.dylib
0x00007fff774a7000 	/usr/lib/system/libsystem_platform.dylib
0x00007fff774b1000 	/usr/lib/system/libsystem_pthread.dylib
0x00007fff774c3000 	/usr/lib/system/libsystem_symptoms.dylib
0x00007fff774cb000 	/usr/lib/system/libsystem_trace.dylib
0x00007fff774e2000 	/usr/lib/system/libunwind.dylib
0x00007fff774e8000 	/usr/lib/system/libxpc.dylib
0x00007fff744cb000 	/usr/lib/libbsm.0.dylib
0x00007fff772d8000 	/usr/lib/system/libkxld.dylib
0x00007fff5b474000 	/System/Library/PrivateFrameworks/AppleFSCompression.framework/Versions/A/AppleFSCompression
0x00007fff74167000 	/usr/lib/libOpenScriptingUtil.dylib
0x00007fff747f3000 	/usr/lib/libcoretls.dylib
0x00007fff7480a000 	/usr/lib/libcoretls_cfhelpers.dylib
0x00007fff76275000 	/usr/lib/libpam.2.dylib
0x00007fff76435000 	/usr/lib/libsqlite3.dylib
0x00007fff7682f000 	/usr/lib/libxar.1.dylib
0x00007fff744dc000 	/usr/lib/libbz2.1.0.dylib
0x00007fff7524a000 	/usr/lib/liblzma.5.dylib
0x00007fff756fb000 	/usr/lib/libnetwork.dylib
0x00007fff74337000 	/usr/lib/libapple_nghttp2.dylib
0x00007fff7627c000 	/usr/lib/libpcap.A.dylib
0x00007fff4c924000 	/System/Library/Frameworks/CoreServices.framework/Versions/A/Frameworks/FSEvents.framework/Versions/A/FSEvents
0x00007fff4c603000 	/System/Library/Frameworks/CoreServices.framework/Versions/A/Frameworks/CarbonCore.framework/Versions/A/CarbonCore
0x00007fff4cadf000 	/System/Library/Frameworks/CoreServices.framework/Versions/A/Frameworks/Metadata.framework/Versions/A/Metadata
0x00007fff4cb7e000 	/System/Library/Frameworks/CoreServices.framework/Versions/A/Frameworks/OSServices.framework/Versions/A/OSServices
0x00007fff4cbc9000 	/System/Library/Frameworks/CoreServices.framework/Versions/A/Frameworks/SearchKit.framework/Versions/A/SearchKit
0x00007fff4c586000 	/System/Library/Frameworks/CoreServices.framework/Versions/A/Frameworks/AE.framework/Versions/A/AE
0x00007fff4c92d000 	/System/Library/Frameworks/CoreServices.framework/Versions/A/Frameworks/LaunchServices.framework/Versions/A/LaunchServices
0x00007fff4c8db000 	/System/Library/Frameworks/CoreServices.framework/Versions/A/Frameworks/DictionaryServices.framework/Versions/A/DictionaryServices
0x00007fff4cc31000 	/System/Library/Frameworks/CoreServices.framework/Versions/A/Frameworks/SharedFileList.framework/Versions/A/SharedFileList
0x00007fff50f9b000 	/System/Library/Frameworks/NetFS.framework/Versions/A/NetFS
0x00007fff6a118000 	/System/Library/PrivateFrameworks/NetAuth.framework/Versions/A/NetAuth
0x00007fff73acc000 	/System/Library/PrivateFrameworks/login.framework/Versions/A/Frameworks/loginsupport.framework/Versions/A/loginsupport
0x00007fff71bed000 	/System/Library/PrivateFrameworks/TCC.framework/Versions/A/TCC
0x00007fff5f08e000 	/System/Library/PrivateFrameworks/CoreNLP.framework/Versions/A/CoreNLP
0x00007fff69bad000 	/System/Library/PrivateFrameworks/MetadataUtilities.framework/Versions/A/MetadataUtilities
0x00007fff7531f000 	/usr/lib/libmecabra.dylib
0x00007fff4974e000 	/System/Library/Frameworks/ApplicationServices.framework/Versions/A/Frameworks/ATS.framework/Versions/A/ATS
0x00007fff49a9d000 	/System/Library/Frameworks/ApplicationServices.framework/Versions/A/Frameworks/ColorSyncLegacy.framework/Versions/A/ColorSyncLegacy
0x00007fff49b3c000 	/System/Library/Frameworks/ApplicationServices.framework/Versions/A/Frameworks/HIServices.framework/Versions/A/HIServices
0x00007fff49b8f000 	/System/Library/Frameworks/ApplicationServices.framework/Versions/A/Frameworks/LangAnalysis.framework/Versions/A/LangAnalysis
0x00007fff49b9f000 	/System/Library/Frameworks/ApplicationServices.framework/Versions/A/Frameworks/PrintCore.framework/Versions/A/PrintCore
0x00007fff49be9000 	/System/Library/Frameworks/ApplicationServices.framework/Versions/A/Frameworks/QD.framework/Versions/A/QD
0x00007fff49c23000 	/System/Library/Frameworks/ApplicationServices.framework/Versions/A/Frameworks/SpeechSynthesis.framework/Versions/A/SpeechSynthesis
0x00007fff74566000 	/usr/lib/libcompression.dylib
0x00007fff501a3000 	/System/Library/Frameworks/MetalPerformanceShaders.framework/Versions/A/MetalPerformanceShaders
0x00007fff4772a000 	/System/Library/Frameworks/Accelerate.framework/Versions/A/Frameworks/vImage.framework/Versions/A/vImage
0x00007fff487a4000 	/System/Library/Frameworks/Accelerate.framework/Versions/A/Frameworks/vecLib.framework/Versions/A/vecLib
0x00007fff486f0000 	/System/Library/Frameworks/Accelerate.framework/Versions/A/Frameworks/vecLib.framework/Versions/A/libvMisc.dylib
0x00007fff48508000 	/System/Library/Frameworks/Accelerate.framework/Versions/A/Frameworks/vecLib.framework/Versions/A/libvDSP.dylib
0x00007fff47dc4000 	/System/Library/Frameworks/Accelerate.framework/Versions/A/Frameworks/vecLib.framework/Versions/A/libBLAS.dylib
0x00007fff480b1000 	/System/Library/Frameworks/Accelerate.framework/Versions/A/Frameworks/vecLib.framework/Versions/A/libLAPACK.dylib
0x00007fff4845b000 	/System/Library/Frameworks/Accelerate.framework/Versions/A/Frameworks/vecLib.framework/Versions/A/libLinearAlgebra.dylib
0x00007fff484f4000 	/System/Library/Frameworks/Accelerate.framework/Versions/A/Frameworks/vecLib.framework/Versions/A/libSparseBLAS.dylib
0x00007fff48471000 	/System/Library/Frameworks/Accelerate.framework/Versions/A/Frameworks/vecLib.framework/Versions/A/libQuadrature.dylib
0x00007fff4803e000 	/System/Library/Frameworks/Accelerate.framework/Versions/A/Frameworks/vecLib.framework/Versions/A/libBNNS.dylib
0x00007fff48477000 	/System/Library/Frameworks/Accelerate.framework/Versions/A/Frameworks/vecLib.framework/Versions/A/libSparse.dylib
0x00007fff663dc000 	/System/Library/PrivateFrameworks/GPUWrangler.framework/Versions/A/GPUWrangler
0x00007fff686dc000 	/System/Library/PrivateFrameworks/IOAccelerator.framework/Versions/A/IOAccelerator
0x00007fff686e7000 	/System/Library/PrivateFrameworks/IOPresentment.framework/Versions/A/IOPresentment
0x00007fff5fe66000 	/System/Library/PrivateFrameworks/DSExternalDisplay.framework/Versions/A/DSExternalDisplay
0x00007fff54417000 	/System/Library/Frameworks/OpenGL.framework/Versions/A/Libraries/libCoreFSCache.dylib
0x00007fff4ff97000 	/System/Library/Frameworks/MetalPerformanceShaders.framework/Frameworks/MPSCore.framework/Versions/A/MPSCore
0x00007fff4ffb7000 	/System/Library/Frameworks/MetalPerformanceShaders.framework/Frameworks/MPSImage.framework/Versions/A/MPSImage
0x00007fff5005c000 	/System/Library/Frameworks/MetalPerformanceShaders.framework/Frameworks/MPSNeuralNetwork.framework/Versions/A/MPSNeuralNetwork
0x00007fff50034000 	/System/Library/Frameworks/MetalPerformanceShaders.framework/Frameworks/MPSMatrix.framework/Versions/A/MPSMatrix
0x00007fff50188000 	/System/Library/Frameworks/MetalPerformanceShaders.framework/Frameworks/MPSRayIntersector.framework/Versions/A/MPSRayIntersector
0x00007fff69bd6000 	/System/Library/PrivateFrameworks/MetalTools.framework/Versions/A/MetalTools
0x00007fff5ad1e000 	/System/Library/PrivateFrameworks/AggregateDictionary.framework/Versions/A/AggregateDictionary
0x00007fff74147000 	/usr/lib/libMobileGestalt.dylib
0x00007fff4d0c0000 	/System/Library/Frameworks/CoreVideo.framework/Versions/A/CoreVideo
0x00007fff671ed000 	/System/Library/PrivateFrameworks/GraphVisualizer.framework/Versions/A/GraphVisualizer
0x00007fff6106c000 	/System/Library/PrivateFrameworks/FaceCore.framework/Versions/A/FaceCore
0x00007fff53a45000 	/System/Library/Frameworks/OpenCL.framework/Versions/A/OpenCL
0x00007fff73e9f000 	/usr/lib/libFosl_dynamic.dylib
0x00007fff6a983000 	/System/Library/PrivateFrameworks/OTSVG.framework/Versions/A/OTSVG
0x00007fff49852000 	/System/Library/Frameworks/ApplicationServices.framework/Versions/A/Frameworks/ATS.framework/Versions/A/Resources/libFontParser.dylib
0x00007fff4996a000 	/System/Library/Frameworks/ApplicationServices.framework/Versions/A/Frameworks/ATS.framework/Versions/A/Resources/libFontRegistry.dylib
0x00007fff4dfcc000 	/System/Library/Frameworks/ImageIO.framework/Versions/A/Resources/libJPEG.dylib
0x00007fff4e2de000 	/System/Library/Frameworks/ImageIO.framework/Versions/A/Resources/libTIFF.dylib
0x00007fff4e2b4000 	/System/Library/Frameworks/ImageIO.framework/Versions/A/Resources/libPng.dylib
0x00007fff4deea000 	/System/Library/Frameworks/ImageIO.framework/Versions/A/Resources/libGIF.dylib
0x00007fff4deef000 	/System/Library/Frameworks/ImageIO.framework/Versions/A/Resources/libJP2.dylib
0x00007fff4e2db000 	/System/Library/Frameworks/ImageIO.framework/Versions/A/Resources/libRadiance.dylib
0x00007fff5b5cb000 	/System/Library/PrivateFrameworks/AppleJPEG.framework/Versions/A/AppleJPEG
0x00007fff54422000 	/System/Library/Frameworks/OpenGL.framework/Versions/A/Libraries/libGFXShared.dylib
0x00007fff545e5000 	/System/Library/Frameworks/OpenGL.framework/Versions/A/Libraries/libGLU.dylib
0x00007fff5442b000 	/System/Library/Frameworks/OpenGL.framework/Versions/A/Libraries/libGL.dylib
0x00007fff54437000 	/System/Library/Frameworks/OpenGL.framework/Versions/A/Libraries/libGLImage.dylib
0x00007fff54414000 	/System/Library/Frameworks/OpenGL.framework/Versions/A/Libraries/libCVMSPluginSupport.dylib
0x00007fff5441d000 	/System/Library/Frameworks/OpenGL.framework/Versions/A/Libraries/libCoreVMClient.dylib
0x00007fff74cb7000 	/usr/lib/libcups.2.dylib
0x00007fff4f49e000 	/System/Library/Frameworks/Kerberos.framework/Versions/A/Kerberos
0x00007fff4d9ce000 	/System/Library/Frameworks/GSS.framework/Versions/A/GSS
0x00007fff763ca000 	/usr/lib/libresolv.9.dylib
0x00007fff74ea9000 	/usr/lib/libiconv.2.dylib
0x00007fff67362000 	/System/Library/PrivateFrameworks/Heimdal.framework/Versions/A/Heimdal
0x00007fff74e79000 	/usr/lib/libheimdal-asn1.dylib
0x00007fff53ab9000 	/System/Library/Frameworks/OpenDirectory.framework/Versions/A/OpenDirectory
0x00007fff5ddf1000 	/System/Library/PrivateFrameworks/CommonAuth.framework/Versions/A/CommonAuth
0x00007fff53a9d000 	/System/Library/Frameworks/OpenDirectory.framework/Versions/A/Frameworks/CFOpenDirectory.framework/Versions/A/CFOpenDirectory
0x00007fff56b60000 	/System/Library/Frameworks/SecurityFoundation.framework/Versions/A/SecurityFoundation
0x00007fff5a264000 	/System/Library/PrivateFrameworks/APFS.framework/Versions/A/APFS
0x00007fff7682b000 	/usr/lib/libutil.dylib
0x00007fff74554000 	/usr/lib/libcharset.1.dylib
0x00007fff5b868000 	/System/Library/PrivateFrameworks/AppleSauce.framework/Versions/A/AppleSauce
0x00007fff5b9e9000 	/System/Library/PrivateFrameworks/AssertionServices.framework/Versions/A/AssertionServices
0x00007fff5c119000 	/System/Library/PrivateFrameworks/BaseBoard.framework/Versions/A/BaseBoard
0x00007fff7527a000 	/usr/lib/libmecab.1.0.0.dylib
0x00007fff74e73000 	/usr/lib/libgermantok.dylib
0x00007fff74324000 	/usr/lib/libThaiTokenizer.dylib
0x00007fff73dcf000 	/usr/lib/libChineseTokenizer.dylib
0x00007fff68d94000 	/System/Library/PrivateFrameworks/LanguageModeling.framework/Versions/A/LanguageModeling
0x00007fff5ead3000 	/System/Library/PrivateFrameworks/CoreEmoji.framework/Versions/A/CoreEmoji
0x00007fff68e70000 	/System/Library/PrivateFrameworks/Lexicon.framework/Versions/A/Lexicon
0x00007fff68eb3000 	/System/Library/PrivateFrameworks/LinguisticData.framework/Versions/A/LinguisticData
0x00007fff74555000 	/usr/lib/libcmph.dylib
0x00007fff56c1e000 	/System/Library/Frameworks/ServiceManagement.framework/Versions/A/ServiceManagement
0x00007fff5c07a000 	/System/Library/PrivateFrameworks/BackgroundTaskManagement.framework/Versions/A/BackgroundTaskManagement
0x00007fff76924000 	/usr/lib/libxslt.1.dylib
0x00007fff4a8bf000 	/System/Library/Frameworks/Carbon.framework/Versions/A/Frameworks/Ink.framework/Versions/A/Ink
0x00007fff71e5f000 	/System/Library/PrivateFrameworks/TextureIO.framework/Versions/A/TextureIO
0x00007fff74378000 	/usr/lib/libate.dylib
0x00007fff5fdb5000 	/System/Library/PrivateFrameworks/CrashReporterSupport.framework/Versions/A/CrashReporterSupport
0x00007fff6f599000 	/System/Library/PrivateFrameworks/Sharing.framework/Versions/A/Sharing
0x00007fff5bdcc000 	/System/Library/PrivateFrameworks/AuthKit.framework/Versions/A/AuthKit
0x00007fff5b320000 	/System/Library/PrivateFrameworks/Apple80211.framework/Versions/A/Apple80211
0x00007fff5fb5d000 	/System/Library/PrivateFrameworks/CoreUtils.framework/Versions/A/CoreUtils
0x00007fff4d101000 	/System/Library/Frameworks/CoreWLAN.framework/Versions/A/CoreWLAN
0x00007fff4dafd000 	/System/Library/Frameworks/IOBluetooth.framework/Versions/A/IOBluetooth
0x00007fff6da0d000 	/System/Library/PrivateFrameworks/ProtocolBuffer.framework/Versions/A/ProtocolBuffer
0x00007fff69e0e000 	/System/Library/PrivateFrameworks/MobileKeyBag.framework/Versions/A/MobileKeyBag
0x00007fff5f3a1000 	/System/Library/PrivateFrameworks/CorePhoneNumbers.framework/Versions/A/CorePhoneNumbers
0x00007fff5b57f000 	/System/Library/PrivateFrameworks/AppleIDAuthSupport.framework/Versions/A/AppleIDAuthSupport
0x00007fff68d67000 	/System/Library/PrivateFrameworks/KeychainCircle.framework/Versions/A/KeychainCircle
0x00007fff6dbc3000 	/System/Library/PrivateFrameworks/ROCKit.framework/Versions/A/ROCKit
0x00007fff5fd51000 	/System/Library/PrivateFrameworks/CoreWiFi.framework/Versions/A/CoreWiFi
0x00007fff4ae8d000 	/System/Library/Frameworks/CoreBluetooth.framework/Versions/A/CoreBluetooth
0x00007fff5ffac000 	/System/Library/PrivateFrameworks/DebugSymbols.framework/Versions/A/DebugSymbols
0x00007fff5f91d000 	/System/Library/PrivateFrameworks/CoreSymbolication.framework/Versions/A/CoreSymbolication
0x00007fff7167a000 	/System/Library/PrivateFrameworks/Symbolication.framework/Versions/A/Symbolication
0x00007fff70f1d000 	/System/Library/PrivateFrameworks/SpeechRecognitionCore.framework/Versions/A/SpeechRecognitionCore
0x000000010b800000 	/Library/Java/JavaVirtualMachines/jdk1.8.0_221.jdk/Contents/Home/jre/lib/server/libjvm.dylib
0x00007fff76706000 	/usr/lib/libstdc++.6.dylib
0x000000010a66c000 	/Library/Java/JavaVirtualMachines/jdk1.8.0_221.jdk/Contents/Home/jre/lib/libverify.dylib
0x000000010a67a000 	/Library/Java/JavaVirtualMachines/jdk1.8.0_221.jdk/Contents/Home/jre/lib/libjava.dylib
0x000000010a6b1000 	/Library/Java/JavaVirtualMachines/jdk1.8.0_221.jdk/Contents/Home/jre/lib/libjdwp.dylib
0x000000010a6fc000 	/Library/Java/JavaVirtualMachines/jdk1.8.0_221.jdk/Contents/Home/jre/lib/libnpt.dylib
0x000000010a700000 	/Library/Java/JavaVirtualMachines/jdk1.8.0_221.jdk/Contents/Home/jre/lib/libinstrument.dylib
0x000000010a79d000 	/Library/Java/JavaVirtualMachines/jdk1.8.0_221.jdk/Contents/Home/jre/lib/libzip.dylib
0x0000000113d66000 	/Library/Java/JavaVirtualMachines/jdk1.8.0_221.jdk/Contents/Home/jre/lib/libdt_socket.dylib
0x0000000113e82000 	/Library/Java/JavaVirtualMachines/jdk1.8.0_221.jdk/Contents/Home/jre/lib/libnet.dylib
0x00000001155b6000 	/Library/Java/JavaVirtualMachines/jdk1.8.0_221.jdk/Contents/Home/jre/lib/libawt.dylib
0x000000011565f000 	/Library/Java/JavaVirtualMachines/jdk1.8.0_221.jdk/Contents/Home/jre/lib/./libmlib_image.dylib
0x00007fff4f487000 	/System/Library/Frameworks/JavaVM.framework/Versions/A/Frameworks/JavaNativeFoundation.framework/Versions/A/JavaNativeFoundation
0x00007fff4f490000 	/System/Library/Frameworks/JavaVM.framework/Versions/A/Frameworks/JavaRuntimeSupport.framework/Versions/A/JavaRuntimeSupport
0x00007fff4f499000 	/System/Library/Frameworks/JavaVM.framework/Versions/A/JavaVM
0x00007fff68c86000 	/System/Library/PrivateFrameworks/JavaLaunching.framework/Versions/A/JavaLaunching
0x00007fff4a5b8000 	/System/Library/Frameworks/Carbon.framework/Versions/A/Carbon
0x00007fff4a5b9000 	/System/Library/Frameworks/Carbon.framework/Versions/A/Frameworks/CommonPanels.framework/Versions/A/CommonPanels
0x00007fff4a8b5000 	/System/Library/Frameworks/Carbon.framework/Versions/A/Frameworks/Help.framework/Versions/A/Help
0x00007fff4a8b9000 	/System/Library/Frameworks/Carbon.framework/Versions/A/Frameworks/ImageCapture.framework/Versions/A/ImageCapture
0x00007fff4a955000 	/System/Library/Frameworks/Carbon.framework/Versions/A/Frameworks/OpenScripting.framework/Versions/A/OpenScripting
0x00007fff4a98d000 	/System/Library/Frameworks/Carbon.framework/Versions/A/Frameworks/Print.framework/Versions/A/Print
0x00007fff4a98f000 	/System/Library/Frameworks/Carbon.framework/Versions/A/Frameworks/SecurityHI.framework/Versions/A/SecurityHI
0x000000011572b000 	/Library/Java/JavaVirtualMachines/jdk1.8.0_221.jdk/Contents/Home/jre/lib/libawt_lwawt.dylib
0x0000000114395000 	/Library/Java/JavaVirtualMachines/jdk1.8.0_221.jdk/Contents/Home/jre/lib/./libosxapp.dylib
0x00007fff4d58b000 	/System/Library/Frameworks/ExceptionHandling.framework/Versions/A/ExceptionHandling
0x00007fff5f525000 	/System/Library/PrivateFrameworks/CoreServicesInternal.framework/Versions/A/CoreServicesInternal
0x00007fff3fa90000 	/System/Library/CoreServices/RawCamera.bundle/Contents/MacOS/RawCamera
0x00007fff69c7a000 	/System/Library/PrivateFrameworks/MobileAsset.framework/Versions/A/MobileAsset
0x00007fff715c8000 	/System/Library/PrivateFrameworks/StreamingZip.framework/Versions/A/StreamingZip
0x00007fff4f82b000 	/System/Library/Frameworks/MediaToolbox.framework/Versions/A/MediaToolbox
0x00007fff5e677000 	/System/Library/PrivateFrameworks/CoreAVCHD.framework/Versions/A/CoreAVCHD
0x00007fff4f771000 	/System/Library/Frameworks/MediaAccessibility.framework/Versions/A/MediaAccessibility
0x00007fff696d6000 	/System/Library/PrivateFrameworks/Mangrove.framework/Versions/A/Mangrove
0x00007fff4c424000 	/System/Library/Frameworks/CoreMedia.framework/Versions/A/CoreMedia
0x00007fff57287000 	/System/Library/Frameworks/VideoToolbox.framework/Versions/A/VideoToolbox
0x00007fff5e293000 	/System/Library/PrivateFrameworks/CoreAUC.framework/Versions/A/CoreAUC
0x00007fff76433000 	/usr/lib/libspindump.dylib
0x00007fff5b94e000 	/System/Library/PrivateFrameworks/AppleVA.framework/Versions/A/AppleVA
0x00007fff47713000 	/System/Library/Frameworks/Accelerate.framework/Versions/A/Frameworks/vImage.framework/Versions/A/Libraries/libCGInterfaces.dylib
0x00007fff49a06000 	/System/Library/Frameworks/ApplicationServices.framework/Versions/A/Frameworks/ATS.framework/Versions/A/Resources/libTrueTypeScaler.dylib
0x00007fff448d3000 	/System/Library/Extensions/AppleIntelKBLGraphicsMTLDriver.bundle/Contents/MacOS/AppleIntelKBLGraphicsMTLDriver
0x00007fff64d3b000 	/System/Library/PrivateFrameworks/GPUCompiler.framework/Versions/3902/Libraries/libmetal_timestamp.dylib
0x00007fff61491000 	/System/Library/PrivateFrameworks/FamilyControls.framework/Versions/A/FamilyControls
0x00007fff5dde4000 	/System/Library/PrivateFrameworks/CommerceKit.framework/Versions/A/Frameworks/CommerceCore.framework/Versions/A/CommerceCore
0x00007fff7194d000 	/System/Library/PrivateFrameworks/SystemAdministration.framework/Versions/A/SystemAdministration
0x00007fff5b221000 	/System/Library/PrivateFrameworks/AppContainer.framework/Versions/A/AppContainer
0x00007fff5b23d000 	/System/Library/PrivateFrameworks/AppSandbox.framework/Versions/A/AppSandbox
0x00007fff6f43a000 	/System/Library/PrivateFrameworks/SecCodeWrapper.framework/Versions/A/SecCodeWrapper
0x00007fff763e4000 	/usr/lib/libsandbox.1.dylib
0x00007fff74116000 	/usr/lib/libMatch.1.dylib
0x00007fff60331000 	/System/Library/PrivateFrameworks/DiskManagement.framework/Versions/A/DiskManagement
0x00007fff4d307000 	/System/Library/Frameworks/DirectoryService.framework/Versions/A/DirectoryService
0x00007fff60262000 	/System/Library/PrivateFrameworks/DiskImages.framework/Versions/A/DiskImages
0x00007fff68fac000 	/System/Library/PrivateFrameworks/LoginUIKit.framework/Versions/A/Frameworks/LoginUICore.framework/Versions/A/LoginUICore
0x00007fff73dda000 	/usr/lib/libCoreStorage.dylib
0x00007fff74ca4000 	/usr/lib/libcsfde.dylib
0x00007fff76264000 	/usr/lib/libodfde.dylib
0x00007fff697ee000 	/System/Library/PrivateFrameworks/MediaKit.framework/Versions/A/MediaKit
0x00007fff4d313000 	/System/Library/Frameworks/DiscRecording.framework/Versions/A/DiscRecording
0x00007fff604a5000 	/System/Library/PrivateFrameworks/EFILogin.framework/Versions/A/EFILogin
0x00007fff6d9b8000 	/System/Library/PrivateFrameworks/ProtectedCloudStorage.framework/Versions/A/ProtectedCloudStorage
0x00007fff74d36000 	/usr/lib/libcurl.4.dylib
0x00007fff74ba3000 	/usr/lib/libcrypto.42.dylib
0x00007fff766d6000 	/usr/lib/libssl.44.dylib
0x00007fff4f4b8000 	/System/Library/Frameworks/LDAP.framework/Versions/A/LDAP
0x00007fff71fdd000 	/System/Library/PrivateFrameworks/TrustEvaluationAgent.framework/Versions/A/TrustEvaluationAgent
0x00007fff76420000 	/usr/lib/libsasl2.2.dylib
0x00007fff5e8d0000 	/System/Library/PrivateFrameworks/CoreDaemon.framework/Versions/B/CoreDaemon
0x00007fff5b863000 	/System/Library/PrivateFrameworks/AppleSRP.framework/Versions/A/AppleSRP
0x00007fff72e17000 	/System/Library/PrivateFrameworks/ViewBridge.framework/Versions/A/ViewBridge
0x00000001141bd000 	/usr/lib/libobjc-trampolines.dylib
0x00007fff54fd0000 	/System/Library/Frameworks/OpenGL.framework/Versions/A/Resources/GLEngine.bundle/GLEngine
0x00007fff54472000 	/System/Library/Frameworks/OpenGL.framework/Versions/A/Libraries/libGLProgrammability.dylib
0x00007fff43afe000 	/System/Library/Extensions/AppleIntelKBLGraphicsGLDriver.bundle/Contents/MacOS/AppleIntelKBLGraphicsGLDriver
0x00007fff663d0000 	/System/Library/PrivateFrameworks/GPUSupport.framework/Versions/A/Libraries/libGPUSupportMercury.dylib
0x00007fff55168000 	/System/Library/Frameworks/OpenGL.framework/Versions/A/Resources/GLRendererFloat.bundle/GLRendererFloat
0x00007fff53a3c000 	/System/Library/Frameworks/OpenCL.framework/Versions/A/Libraries/libcldcpuengine.dylib
0x00007fff749a9000 	/usr/lib/libcrypto.35.dylib
0x0000000129952000 	/Library/Java/JavaVirtualMachines/jdk1.8.0_221.jdk/Contents/Home/jre/lib/libfontmanager.dylib
0x0000000114013000 	/Library/Java/JavaVirtualMachines/jdk1.8.0_221.jdk/Contents/Home/jre/lib/libosxui.dylib

VM Arguments:
jvm_args: -agentlib:jdwp=transport=dt_socket,suspend=y,address=localhost:51615 -ea -javaagent:/Users/preethiprabhakar/eclipse/java-2019-09/Eclipse.app/Contents/Eclipse/configuration/org.eclipse.osgi/222/0/.cp/lib/javaagent-shaded.jar -Dfile.encoding=UTF-8 
java_command: org.eclipse.jdt.internal.junit.runner.RemoteTestRunner -version 3 -port 51614 -testLoaderClass org.eclipse.jdt.internal.junit4.runner.JUnit4TestLoader -loaderpluginname org.eclipse.jdt.junit4.runtime -testNameFile /var/folders/b6/0_c5y9l9667cfxnljbsbldrr0000gn/T/testNames8421385225435551681.txt
java_class_path (initial): /Users/preethiprabhakar/git/Dungeon-Crawler-Fall-2019-Drexel/target/test-classes:/Users/preethiprabhakar/git/Dungeon-Crawler-Fall-2019-Drexel/target/classes:/Users/preethiprabhakar/.m2/repository/junit/junit/4.12/junit-4.12.jar:/Users/preethiprabhakar/.m2/repository/org/hamcrest/hamcrest-core/1.3/hamcrest-core-1.3.jar:/Users/preethiprabhakar/.m2/repository/org/mockito/mockito-all/1.10.19/mockito-all-1.10.19.jar:/Users/preethiprabhakar/.m2/repository/org/hamcrest/hamcrest-all/1.3/hamcrest-all-1.3.jar:/Users/preethiprabhakar/.m2/repository/info/cukes/cucumber-java/1.2.4/cucumber-java-1.2.4.jar:/Users/preethiprabhakar/.m2/repository/info/cukes/cucumber-core/1.2.4/cucumber-core-1.2.4.jar:/Users/preethiprabhakar/.m2/repository/info/cukes/cucumber-html/0.2.3/cucumber-html-0.2.3.jar:/Users/preethiprabhakar/.m2/repository/info/cukes/cucumber-jvm-deps/1.0.5/cucumber-jvm-deps-1.0.5.jar:/Users/preethiprabhakar/.m2/repository/info/cukes/gherkin/2.12.2/gherkin-2.12.2.jar:/Users/preethiprabhakar/.m2/repository/info/cukes/cucumber-junit/1.2.4/cucumber-junit-1.2.4.jar:/Users/preethiprabhakar/eclipse/java-2019-09/Eclipse.app/Contents/Eclipse/configuration/org.eclipse.osgi/220/0/.cp:/Users/preethiprabhakar/eclipse/java-2019-09/Eclipse.app/Contents/Eclipse/configuration/org.eclipse.osgi/219/0/.cp:/Users/preethiprabhakar/eclipse/java-2019-09/Eclipse.app/Contents/Eclipse/configuration/org.eclipse.osgi/222/0/.cp/lib/javaagent-shaded.jar
Launcher Type: SUN_STANDARD

Environment Variables:
PATH=/usr/bin:/bin:/usr/sbin:/sbin
SHELL=/bin/bash

Signal Handlers:
SIGSEGV: [libjvm.dylib+0x5b71a7], sa_mask[0]=11111111011111110111111111111111, sa_flags=SA_ONSTACK|SA_RESTART|SA_SIGINFO
SIGBUS: [libjvm.dylib+0x5b71a7], sa_mask[0]=11111111011111110111111111111111, sa_flags=SA_RESTART|SA_SIGINFO
SIGFPE: [libjvm.dylib+0x48c8fc], sa_mask[0]=11111111011111110111111111111111, sa_flags=SA_RESTART|SA_SIGINFO
SIGPIPE: [libjvm.dylib+0x48c8fc], sa_mask[0]=11111111011111110111111111111111, sa_flags=SA_RESTART|SA_SIGINFO
SIGXFSZ: [libjvm.dylib+0x48c8fc], sa_mask[0]=11111111011111110111111111111111, sa_flags=SA_RESTART|SA_SIGINFO
SIGILL: [libjvm.dylib+0x48c8fc], sa_mask[0]=11111111011111110111111111111111, sa_flags=SA_RESTART|SA_SIGINFO
SIGUSR1: SIG_DFL, sa_mask[0]=00000000000000000000000000000000, sa_flags=none
SIGUSR2: [libjvm.dylib+0x48c41a], sa_mask[0]=00100000000000000000000000000000, sa_flags=SA_RESTART|SA_SIGINFO
SIGHUP: [libjvm.dylib+0x48a9a5], sa_mask[0]=11111111011111110111111111111111, sa_flags=SA_RESTART|SA_SIGINFO
SIGINT: [libjvm.dylib+0x48a9a5], sa_mask[0]=11111111011111110111111111111111, sa_flags=SA_RESTART|SA_SIGINFO
SIGTERM: [libjvm.dylib+0x48a9a5], sa_mask[0]=11111111011111110111111111111111, sa_flags=SA_RESTART|SA_SIGINFO
SIGQUIT: [libjvm.dylib+0x48a9a5], sa_mask[0]=11111111011111110111111111111111, sa_flags=SA_RESTART|SA_SIGINFO


---------------  S Y S T E M  ---------------

OS:Bsduname:Darwin 18.7.0 Darwin Kernel Version 18.7.0: Tue Aug 20 16:57:14 PDT 2019; root:xnu-4903.271.2~2/RELEASE_X86_64 x86_64
rlimit: STACK 8192k, CORE 0k, NPROC 709, NOFILE 10240, AS infinity
load average:3.70 2.34 2.11

CPU:total 8 (initial active 8) (4 cores per cpu, 2 threads per core) family 6 model 142 stepping 10, cmov, cx8, fxsr, mmx, sse, sse2, sse3, ssse3, sse4.1, sse4.2, popcnt, avx, avx2, aes, clmul, erms, 3dnowpref, lzcnt, ht, tsc, tscinvbit, bmi1, bmi2, adx

Memory: 4k page, physical 8388608k(29424k free)

/proc/meminfo:


vm_info: Java HotSpot(TM) 64-Bit Server VM (25.221-b11) for bsd-amd64 JRE (1.8.0_221-b11), built on Jul  4 2019 04:36:22 by "java_re" with gcc 4.2.1 (Based on Apple Inc. build 5658) (LLVM build 2336.11.00)

time: Wed Nov 20 17:43:49 2019
timezone: EST
elapsed time: 840 seconds (0d 0h 14m 0s)

